<?xml version="1.0" encoding="UTF-8"?>
<testng-results ignored="0" total="1" passed="1" failed="0" skipped="0">
  <reporter-output>
  </reporter-output>
  <suite started-at="2022-07-31T00:45:05 IST" name="Suite" finished-at="2022-07-31T00:45:18 IST" duration-ms="13091">
    <groups>
    </groups>
    <test started-at="2022-07-31T00:45:05 IST" name="Test" finished-at="2022-07-31T00:45:18 IST" duration-ms="13091">
      <class name="KiteTest.TC_003">
        <test-method is-config="true" signature="browserlaunching(java.lang.String)[pri:0, instance:KiteTest.TC_003@4fb3ee4e]" started-at="2022-07-31T00:45:05 IST" name="browserlaunching" finished-at="2022-07-31T00:45:11 IST" duration-ms="6920" status="PASS">
          <params>
            <param index="0">
              <value>
                <![CDATA[chrome]]>
              </value>
            </param>
          </params>
          <reporter-output>
          </reporter-output>
        </test-method> <!-- browserlaunching -->
        <test-method is-config="true" signature="login()[pri:0, instance:KiteTest.TC_003@4fb3ee4e]" started-at="2022-07-31T00:45:11 IST" name="login" finished-at="2022-07-31T00:45:13 IST" duration-ms="1296" status="PASS">
          <reporter-output>
          </reporter-output>
        </test-method> <!-- login -->
        <test-method signature="fundsWithdrawalValidation()[pri:0, instance:KiteTest.TC_003@4fb3ee4e]" started-at="2022-07-31T00:45:13 IST" name="fundsWithdrawalValidation" finished-at="2022-07-31T00:45:18 IST" duration-ms="4823" status="PASS">
          <reporter-output>
          </reporter-output>
        </test-method> <!-- fundsWithdrawalValidation -->
      </class> <!-- KiteTest.TC_003 -->
    </test> <!-- Test -->
  </suite> <!-- Suite -->
</testng-results>
